# JRE version: OpenJDK Runtime Environment Temurin-17.0.13+11 (17.0.13+11) (build 17.0.13+11)
# Java VM: OpenJDK 64-Bit Server VM Temurin-17.0.13+11 (17.0.13+11, mixed mode, tiered, compressed oops, compressed class ptrs, g1 gc, windows-amd64)
GC Precious Log:
 CPUs: 8 total, 8 available
 Memory: 16043M
 Large Page Support: Disabled
 NUMA Support: Disabled
 Compressed Oops: Enabled (32-bit)
 Heap Region Size: 1M
 Heap Min Capacity: 8M
 Heap Initial Capacity: 252M
 Heap Max Capacity: 2G
 Pre-touch: Disabled
 Parallel Workers: 8
 Concurrent Workers: 2
 Concurrent Refinement Workers: 8
 Periodic GC: Disabled
Heap:
 garbage-first heap   total 131072K, used 52456K [0x0000000080000000, 0x0000000100000000)
  region size 1024K, 25 young (25600K), 5 survivors (5120K)
 Metaspace       used 32726K, committed 33216K, reserved 1114112K
  class space    used 3422K, committed 3648K, reserved 1048576K
GC Heap History (18 events):
Event: 0.548 GC heap before
{Heap before GC invocations=0 (full 0):
 garbage-first heap   total 258048K, used 27648K [0x0000000080000000, 0x0000000100000000)
  region size 1024K, 23 young (23552K), 0 survivors (0K)
 Metaspace       used 6815K, committed 7040K, reserved 1114112K
  class space    used 525K, committed 640K, reserved 1048576K
}
Event: 0.558 GC heap after
{Heap after GC invocations=1 (full 0):
 garbage-first heap   total 258048K, used 17680K [0x0000000080000000, 0x0000000100000000)
  region size 1024K, 3 young (3072K), 3 survivors (3072K)
 Metaspace       used 6815K, committed 7040K, reserved 1114112K
  class space    used 525K, committed 640K, reserved 1048576K
}
Event: 1.014 GC heap before
{Heap before GC invocations=1 (full 0):
 garbage-first heap   total 258048K, used 36112K [0x0000000080000000, 0x0000000100000000)
  region size 1024K, 21 young (21504K), 3 survivors (3072K)
 Metaspace       used 11415K, committed 11584K, reserved 1114112K
  class space    used 978K, committed 1024K, reserved 1048576K
}
Event: 1.016 GC heap after
{Heap after GC invocations=2 (full 0):
 garbage-first heap   total 258048K, used 19257K [0x0000000080000000, 0x0000000100000000)
  region size 1024K, 2 young (2048K), 2 survivors (2048K)
 Metaspace       used 11415K, committed 11584K, reserved 1114112K
  class space    used 978K, committed 1024K, reserved 1048576K
}
Event: 1.876 GC heap before
{Heap before GC invocations=2 (full 0):
 garbage-first heap   total 258048K, used 64313K [0x0000000080000000, 0x0000000100000000)
  region size 1024K, 46 young (47104K), 2 survivors (2048K)
 Metaspace       used 19227K, committed 19392K, reserved 1114112K
  class space    used 1838K, committed 1920K, reserved 1048576K
}
Event: 1.881 GC heap after
{Heap after GC invocations=3 (full 0):
 garbage-first heap   total 258048K, used 24138K [0x0000000080000000, 0x0000000100000000)
  region size 1024K, 6 young (6144K), 6 survivors (6144K)
 Metaspace       used 19227K, committed 19392K, reserved 1114112K
  class space    used 1838K, committed 1920K, reserved 1048576K
}
Event: 2.050 GC heap before
{Heap before GC invocations=3 (full 0):
 garbage-first heap   total 258048K, used 37450K [0x0000000080000000, 0x0000000100000000)
  region size 1024K, 20 young (20480K), 6 survivors (6144K)
 Metaspace       used 21355K, committed 21504K, reserved 1114112K
  class space    used 2227K, committed 2304K, reserved 1048576K
}
Event: 2.054 GC heap after
{Heap after GC invocations=4 (full 0):
 garbage-first heap   total 258048K, used 24411K [0x0000000080000000, 0x0000000100000000)
  region size 1024K, 7 young (7168K), 7 survivors (7168K)
 Metaspace       used 21355K, committed 21504K, reserved 1114112K
  class space    used 2227K, committed 2304K, reserved 1048576K
}
Event: 2.263 GC heap before
{Heap before GC invocations=5 (full 0):
 garbage-first heap   total 89088K, used 67419K [0x0000000080000000, 0x0000000100000000)
  region size 1024K, 50 young (51200K), 7 survivors (7168K)
 Metaspace       used 22123K, committed 22336K, reserved 1114112K
  class space    used 2314K, committed 2432K, reserved 1048576K
}
Event: 2.270 GC heap after
{Heap after GC invocations=6 (full 0):
 garbage-first heap   total 89088K, used 25725K [0x0000000080000000, 0x0000000100000000)
  region size 1024K, 8 young (8192K), 8 survivors (8192K)
 Metaspace       used 22123K, committed 22336K, reserved 1114112K
  class space    used 2314K, committed 2432K, reserved 1048576K
}
Event: 2.782 GC heap before
{Heap before GC invocations=6 (full 0):
 garbage-first heap   total 89088K, used 61565K [0x0000000080000000, 0x0000000100000000)
  region size 1024K, 43 young (44032K), 8 survivors (8192K)
 Metaspace       used 27161K, committed 27456K, reserved 1114112K
  class space    used 2841K, committed 2944K, reserved 1048576K
}
Event: 2.790 GC heap after
{Heap after GC invocations=7 (full 0):
 garbage-first heap   total 89088K, used 28671K [0x0000000080000000, 0x0000000100000000)
  region size 1024K, 5 young (5120K), 5 survivors (5120K)
 Metaspace       used 27161K, committed 27456K, reserved 1114112K
  class space    used 2841K, committed 2944K, reserved 1048576K
}
Event: 3.033 GC heap before
{Heap before GC invocations=7 (full 0):
 garbage-first heap   total 89088K, used 66559K [0x0000000080000000, 0x0000000100000000)
  region size 1024K, 39 young (39936K), 5 survivors (5120K)
 Metaspace       used 29965K, committed 30336K, reserved 1114112K
  class space    used 3089K, committed 3264K, reserved 1048576K
}
Event: 3.039 GC heap after
{Heap after GC invocations=8 (full 0):
 garbage-first heap   total 89088K, used 30159K [0x0000000080000000, 0x0000000100000000)
  region size 1024K, 2 young (2048K), 2 survivors (2048K)
 Metaspace       used 29965K, committed 30336K, reserved 1114112K
  class space    used 3089K, committed 3264K, reserved 1048576K
}
Event: 3.098 GC heap before
{Heap before GC invocations=8 (full 0):
 garbage-first heap   total 89088K, used 64975K [0x0000000080000000, 0x0000000100000000)
  region size 1024K, 36 young (36864K), 2 survivors (2048K)
 Metaspace       used 30165K, committed 30528K, reserved 1114112K
  class space    used 3115K, committed 3264K, reserved 1048576K
}
Event: 3.101 GC heap after
{Heap after GC invocations=9 (full 0):
 garbage-first heap   total 131072K, used 30030K [0x0000000080000000, 0x0000000100000000)
  region size 1024K, 2 young (2048K), 2 survivors (2048K)
 Metaspace       used 30165K, committed 30528K, reserved 1114112K
  class space    used 3115K, committed 3264K, reserved 1048576K
}
Event: 3.403 GC heap before
{Heap before GC invocations=9 (full 0):
 garbage-first heap   total 131072K, used 97614K [0x0000000080000000, 0x0000000100000000)
  region size 1024K, 68 young (69632K), 2 survivors (2048K)
 Metaspace       used 31724K, committed 32128K, reserved 1114112K
  class space    used 3274K, committed 3456K, reserved 1048576K
}
Event: 3.408 GC heap after
{Heap after GC invocations=10 (full 0):
 garbage-first heap   total 131072K, used 33000K [0x0000000080000000, 0x0000000100000000)
  region size 1024K, 5 young (5120K), 5 survivors (5120K)
 Metaspace       used 31724K, committed 32128K, reserved 1114112K
  class space    used 3274K, committed 3456K, reserved 1048576K
}

