# JRE version: OpenJDK Runtime Environment Temurin-17.0.13+11 (17.0.13+11) (build 17.0.13+11)
# Java VM: OpenJDK 64-Bit Server VM Temurin-17.0.13+11 (17.0.13+11, mixed mode, tiered, compressed oops, compressed class ptrs, g1 gc, windows-amd64)
GC Precious Log:
 CPUs: 8 total, 8 available
 Memory: 16043M
 Large Page Support: Disabled
 NUMA Support: Disabled
 Compressed Oops: Enabled (32-bit)
 Heap Region Size: 1M
 Heap Min Capacity: 8M
 Heap Initial Capacity: 252M
 Heap Max Capacity: 2G
 Pre-touch: Disabled
 Parallel Workers: 8
 Concurrent Workers: 2
 Concurrent Refinement Workers: 8
 Periodic GC: Disabled
Heap:
 garbage-first heap   total 121856K, used 57605K [0x0000000080000000, 0x0000000100000000)
  region size 1024K, 29 young (29696K), 3 survivors (3072K)
 Metaspace       used 32735K, committed 33216K, reserved 1114112K
  class space    used 3423K, committed 3648K, reserved 1048576K
GC Heap History (18 events):
Event: 0.420 GC heap before
{Heap before GC invocations=0 (full 0):
 garbage-first heap   total 258048K, used 27648K [0x0000000080000000, 0x0000000100000000)
  region size 1024K, 23 young (23552K), 0 survivors (0K)
 Metaspace       used 6805K, committed 6976K, reserved 1114112K
  class space    used 525K, committed 640K, reserved 1048576K
}
Event: 0.424 GC heap after
{Heap after GC invocations=1 (full 0):
 garbage-first heap   total 258048K, used 17440K [0x0000000080000000, 0x0000000100000000)
  region size 1024K, 3 young (3072K), 3 survivors (3072K)
 Metaspace       used 6805K, committed 6976K, reserved 1114112K
  class space    used 525K, committed 640K, reserved 1048576K
}
Event: 0.810 GC heap before
{Heap before GC invocations=1 (full 0):
 garbage-first heap   total 258048K, used 35872K [0x0000000080000000, 0x0000000100000000)
  region size 1024K, 21 young (21504K), 3 survivors (3072K)
 Metaspace       used 11286K, committed 11392K, reserved 1114112K
  class space    used 971K, committed 1024K, reserved 1048576K
}
Event: 0.813 GC heap after
{Heap after GC invocations=2 (full 0):
 garbage-first heap   total 258048K, used 19403K [0x0000000080000000, 0x0000000100000000)
  region size 1024K, 2 young (2048K), 2 survivors (2048K)
 Metaspace       used 11286K, committed 11392K, reserved 1114112K
  class space    used 971K, committed 1024K, reserved 1048576K
}
Event: 1.626 GC heap before
{Heap before GC invocations=2 (full 0):
 garbage-first heap   total 258048K, used 63435K [0x0000000080000000, 0x0000000100000000)
  region size 1024K, 46 young (47104K), 2 survivors (2048K)
 Metaspace       used 19068K, committed 19264K, reserved 1114112K
  class space    used 1812K, committed 1920K, reserved 1048576K
}
Event: 1.631 GC heap after
{Heap after GC invocations=3 (full 0):
 garbage-first heap   total 258048K, used 24271K [0x0000000080000000, 0x0000000100000000)
  region size 1024K, 6 young (6144K), 6 survivors (6144K)
 Metaspace       used 19068K, committed 19264K, reserved 1114112K
  class space    used 1812K, committed 1920K, reserved 1048576K
}
Event: 1.808 GC heap before
{Heap before GC invocations=3 (full 0):
 garbage-first heap   total 258048K, used 38607K [0x0000000080000000, 0x0000000100000000)
  region size 1024K, 21 young (21504K), 6 survivors (6144K)
 Metaspace       used 21351K, committed 21504K, reserved 1114112K
  class space    used 2229K, committed 2304K, reserved 1048576K
}
Event: 1.811 GC heap after
{Heap after GC invocations=4 (full 0):
 garbage-first heap   total 258048K, used 24691K [0x0000000080000000, 0x0000000100000000)
  region size 1024K, 7 young (7168K), 7 survivors (7168K)
 Metaspace       used 21351K, committed 21504K, reserved 1114112K
  class space    used 2229K, committed 2304K, reserved 1048576K
}
Event: 2.003 GC heap before
{Heap before GC invocations=5 (full 0):
 garbage-first heap   total 89088K, used 68723K [0x0000000080000000, 0x0000000100000000)
  region size 1024K, 51 young (52224K), 7 survivors (7168K)
 Metaspace       used 22142K, committed 22400K, reserved 1114112K
  class space    used 2315K, committed 2432K, reserved 1048576K
}
Event: 2.010 GC heap after
{Heap after GC invocations=6 (full 0):
 garbage-first heap   total 89088K, used 25576K [0x0000000080000000, 0x0000000100000000)
  region size 1024K, 8 young (8192K), 8 survivors (8192K)
 Metaspace       used 22142K, committed 22400K, reserved 1114112K
  class space    used 2315K, committed 2432K, reserved 1048576K
}
Event: 2.507 GC heap before
{Heap before GC invocations=6 (full 0):
 garbage-first heap   total 89088K, used 61416K [0x0000000080000000, 0x0000000100000000)
  region size 1024K, 43 young (44032K), 8 survivors (8192K)
 Metaspace       used 27319K, committed 27648K, reserved 1114112K
  class space    used 2859K, committed 3008K, reserved 1048576K
}
Event: 2.516 GC heap after
{Heap after GC invocations=7 (full 0):
 garbage-first heap   total 89088K, used 28935K [0x0000000080000000, 0x0000000100000000)
  region size 1024K, 5 young (5120K), 5 survivors (5120K)
 Metaspace       used 27319K, committed 27648K, reserved 1114112K
  class space    used 2859K, committed 3008K, reserved 1048576K
}
Event: 2.756 GC heap before
{Heap before GC invocations=7 (full 0):
 garbage-first heap   total 89088K, used 66823K [0x0000000080000000, 0x0000000100000000)
  region size 1024K, 39 young (39936K), 5 survivors (5120K)
 Metaspace       used 29989K, committed 30336K, reserved 1114112K
  class space    used 3101K, committed 3264K, reserved 1048576K
}
Event: 2.762 GC heap after
{Heap after GC invocations=8 (full 0):
 garbage-first heap   total 89088K, used 30679K [0x0000000080000000, 0x0000000100000000)
  region size 1024K, 2 young (2048K), 2 survivors (2048K)
 Metaspace       used 29989K, committed 30336K, reserved 1114112K
  class space    used 3101K, committed 3264K, reserved 1048576K
}
Event: 2.816 GC heap before
{Heap before GC invocations=8 (full 0):
 garbage-first heap   total 89088K, used 65495K [0x0000000080000000, 0x0000000100000000)
  region size 1024K, 36 young (36864K), 2 survivors (2048K)
 Metaspace       used 30149K, committed 30528K, reserved 1114112K
  class space    used 3117K, committed 3264K, reserved 1048576K
}
Event: 2.819 GC heap after
{Heap after GC invocations=9 (full 0):
 garbage-first heap   total 121856K, used 30554K [0x0000000080000000, 0x0000000100000000)
  region size 1024K, 2 young (2048K), 2 survivors (2048K)
 Metaspace       used 30149K, committed 30528K, reserved 1114112K
  class space    used 3117K, committed 3264K, reserved 1048576K
}
Event: 3.088 GC heap before
{Heap before GC invocations=9 (full 0):
 garbage-first heap   total 121856K, used 90970K [0x0000000080000000, 0x0000000100000000)
  region size 1024K, 61 young (62464K), 2 survivors (2048K)
 Metaspace       used 31689K, committed 32064K, reserved 1114112K
  class space    used 3271K, committed 3456K, reserved 1048576K
}
Event: 3.092 GC heap after
{Heap after GC invocations=10 (full 0):
 garbage-first heap   total 121856K, used 32005K [0x0000000080000000, 0x0000000100000000)
  region size 1024K, 3 young (3072K), 3 survivors (3072K)
 Metaspace       used 31689K, committed 32064K, reserved 1114112K
  class space    used 3271K, committed 3456K, reserved 1048576K
}

